0 info it worked if it ends with ok
1 verbose cli [ 'C:\\Program Files\\nodejs\\node.exe',
1 verbose cli   'C:\\Program Files\\nodejs\\node_modules\\npm\\bin\\npm-cli.js',
1 verbose cli   'install',
1 verbose cli   'bcrypt',
1 verbose cli   '--save' ]
2 info using npm@2.15.1
3 info using node@v4.4.3
4 verbose install initial load of C:\Users\Giovanni\Documents\nodejs-projects\7-nodejs\package.json
5 warn package.json generic-server@0.0.1 No repository field.
6 warn package.json generic-server@0.0.1 No README data
7 warn package.json generic-server@0.0.1 No license field.
8 verbose installManyTop reading scoped package data from C:\Users\Giovanni\Documents\nodejs-projects\7-nodejs\node_modules\bluebird\package.json
9 verbose installManyTop reading scoped package data from C:\Users\Giovanni\Documents\nodejs-projects\7-nodejs\node_modules\body-parser\package.json
10 verbose installManyTop reading scoped package data from C:\Users\Giovanni\Documents\nodejs-projects\7-nodejs\node_modules\cookie-parser\package.json
11 verbose installManyTop reading scoped package data from C:\Users\Giovanni\Documents\nodejs-projects\7-nodejs\node_modules\ejs\package.json
12 verbose installManyTop reading scoped package data from C:\Users\Giovanni\Documents\nodejs-projects\7-nodejs\node_modules\express\package.json
13 verbose installManyTop reading scoped package data from C:\Users\Giovanni\Documents\nodejs-projects\7-nodejs\node_modules\express-session\package.json
14 verbose installManyTop reading scoped package data from C:\Users\Giovanni\Documents\nodejs-projects\7-nodejs\node_modules\mongodb\package.json
15 verbose installManyTop reading scoped package data from C:\Users\Giovanni\Documents\nodejs-projects\7-nodejs\node_modules\passport\package.json
16 verbose installManyTop reading scoped package data from C:\Users\Giovanni\Documents\nodejs-projects\7-nodejs\node_modules\passport-facebook\package.json
17 verbose installManyTop reading scoped package data from C:\Users\Giovanni\Documents\nodejs-projects\7-nodejs\node_modules\passport-local\package.json
18 info package.json passport@0.3.2 No README data
19 info package.json passport-local@1.0.0 No license field.
20 verbose readDependencies loading dependencies from C:\Users\Giovanni\Documents\nodejs-projects\7-nodejs\package.json
21 silly cache add args [ 'bcrypt', null ]
22 verbose cache add spec bcrypt
23 silly cache add parsed spec Result {
23 silly cache add   raw: 'bcrypt',
23 silly cache add   scope: null,
23 silly cache add   name: 'bcrypt',
23 silly cache add   rawSpec: '',
23 silly cache add   spec: 'latest',
23 silly cache add   type: 'tag' }
24 silly addNamed bcrypt@latest
25 verbose addNamed "latest" is being treated as a dist-tag for bcrypt
26 info addNameTag [ 'bcrypt', 'latest' ]
27 silly mapToRegistry name bcrypt
28 silly mapToRegistry using default registry
29 silly mapToRegistry registry https://registry.npmjs.org/
30 silly mapToRegistry data Result {
30 silly mapToRegistry   raw: 'bcrypt',
30 silly mapToRegistry   scope: null,
30 silly mapToRegistry   name: 'bcrypt',
30 silly mapToRegistry   rawSpec: '',
30 silly mapToRegistry   spec: 'latest',
30 silly mapToRegistry   type: 'tag' }
31 silly mapToRegistry uri https://registry.npmjs.org/bcrypt
32 verbose addNameTag registry:https://registry.npmjs.org/bcrypt not in flight; fetching
33 verbose request uri https://registry.npmjs.org/bcrypt
34 verbose request no auth needed
35 info attempt registry request try #1 at 7:57:04 PM
36 verbose request id b3b5e322ab98bfc3
37 http request GET https://registry.npmjs.org/bcrypt
38 http 200 https://registry.npmjs.org/bcrypt
39 verbose headers { server: 'CouchDB/1.5.0 (Erlang OTP/R16B03)',
39 verbose headers   etag: '"7RMXQLSEXE3P9IGR1DBZM8NQZ"',
39 verbose headers   'content-type': 'application/json',
39 verbose headers   'content-encoding': 'gzip',
39 verbose headers   'cache-control': 'max-age=300',
39 verbose headers   'content-length': '11434',
39 verbose headers   'accept-ranges': 'bytes',
39 verbose headers   date: 'Thu, 21 Apr 2016 02:54:07 GMT',
39 verbose headers   via: '1.1 varnish',
39 verbose headers   age: '0',
39 verbose headers   connection: 'keep-alive',
39 verbose headers   'x-served-by': 'cache-ord1746-ORD',
39 verbose headers   'x-cache': 'HIT',
39 verbose headers   'x-cache-hits': '1',
39 verbose headers   'x-timer': 'S1461207247.050996,VS0,VE333',
39 verbose headers   vary: 'Accept-Encoding' }
40 silly get cb [ 200,
40 silly get   { server: 'CouchDB/1.5.0 (Erlang OTP/R16B03)',
40 silly get     etag: '"7RMXQLSEXE3P9IGR1DBZM8NQZ"',
40 silly get     'content-type': 'application/json',
40 silly get     'content-encoding': 'gzip',
40 silly get     'cache-control': 'max-age=300',
40 silly get     'content-length': '11434',
40 silly get     'accept-ranges': 'bytes',
40 silly get     date: 'Thu, 21 Apr 2016 02:54:07 GMT',
40 silly get     via: '1.1 varnish',
40 silly get     age: '0',
40 silly get     connection: 'keep-alive',
40 silly get     'x-served-by': 'cache-ord1746-ORD',
40 silly get     'x-cache': 'HIT',
40 silly get     'x-cache-hits': '1',
40 silly get     'x-timer': 'S1461207247.050996,VS0,VE333',
40 silly get     vary: 'Accept-Encoding' } ]
41 verbose get saving bcrypt to C:\Users\Giovanni\AppData\Roaming\npm-cache\registry.npmjs.org\bcrypt\.cache.json
42 verbose correctMkdir C:\Users\Giovanni\AppData\Roaming\npm-cache correctMkdir not in flight; initializing
43 silly addNameTag next cb for bcrypt with tag latest
44 silly addNamed bcrypt@0.8.6
45 verbose addNamed "0.8.6" is a plain semver version for bcrypt
46 silly mapToRegistry name bcrypt
47 silly mapToRegistry using default registry
48 silly mapToRegistry registry https://registry.npmjs.org/
49 silly mapToRegistry data Result {
49 silly mapToRegistry   raw: 'bcrypt',
49 silly mapToRegistry   scope: null,
49 silly mapToRegistry   name: 'bcrypt',
49 silly mapToRegistry   rawSpec: '',
49 silly mapToRegistry   spec: 'latest',
49 silly mapToRegistry   type: 'tag' }
50 silly mapToRegistry uri https://registry.npmjs.org/bcrypt
51 verbose addRemoteTarball https://registry.npmjs.org/bcrypt/-/bcrypt-0.8.6.tgz not in flight; adding
52 verbose addRemoteTarball [ 'https://registry.npmjs.org/bcrypt/-/bcrypt-0.8.6.tgz',
52 verbose addRemoteTarball   '182164f7d5e1de94ddd797473efd48b57b1f04b4' ]
53 info retry fetch attempt 1 at 7:57:06 PM
54 info attempt registry request try #1 at 7:57:06 PM
55 http fetch GET https://registry.npmjs.org/bcrypt/-/bcrypt-0.8.6.tgz
56 http fetch 200 https://registry.npmjs.org/bcrypt/-/bcrypt-0.8.6.tgz
57 silly fetchAndShaCheck shasum 182164f7d5e1de94ddd797473efd48b57b1f04b4
58 verbose addTmpTarball C:\Users\Giovanni\AppData\Local\Temp\npm-5436-cd79636a\registry.npmjs.org\bcrypt\-\bcrypt-0.8.6.tgz not in flight; adding
59 verbose addTmpTarball already have metadata; skipping unpack for bcrypt@0.8.6
60 verbose correctMkdir C:\Users\Giovanni\AppData\Roaming\npm-cache correctMkdir not in flight; initializing
61 silly cache afterAdd bcrypt@0.8.6
62 verbose afterAdd C:\Users\Giovanni\AppData\Roaming\npm-cache\bcrypt\0.8.6\package\package.json not in flight; writing
63 verbose correctMkdir C:\Users\Giovanni\AppData\Roaming\npm-cache correctMkdir not in flight; initializing
64 verbose afterAdd C:\Users\Giovanni\AppData\Roaming\npm-cache\bcrypt\0.8.6\package\package.json written
65 silly install resolved [ { name: 'bcrypt',
65 silly install resolved     description: 'A bcrypt library for NodeJS.',
65 silly install resolved     keywords:
65 silly install resolved      [ 'bcrypt',
65 silly install resolved        'password',
65 silly install resolved        'auth',
65 silly install resolved        'authentication',
65 silly install resolved        'encryption',
65 silly install resolved        'crypt',
65 silly install resolved        'crypto' ],
65 silly install resolved     main: './bcrypt',
65 silly install resolved     version: '0.8.6',
65 silly install resolved     author: { name: 'Nick Campbell', url: 'https://github.com/ncb000gt' },
65 silly install resolved     engines: { node: '>= 0.6.0' },
65 silly install resolved     repository:
65 silly install resolved      { type: 'git',
65 silly install resolved        url: 'git+https://github.com/ncb000gt/node.bcrypt.js.git' },
65 silly install resolved     license: 'MIT',
65 silly install resolved     bugs: { url: 'https://github.com/ncb000gt/node.bcrypt.js/issues' },
65 silly install resolved     scripts:
65 silly install resolved      { test: 'node-gyp configure build && nodeunit test',
65 silly install resolved        install: 'node-gyp rebuild' },
65 silly install resolved     dependencies: { bindings: '1.2.1', nan: '2.2.1' },
65 silly install resolved     devDependencies: { nodeunit: '~0.9.1' },
65 silly install resolved     contributors:
65 silly install resolved      [ [Object],
65 silly install resolved        [Object],
65 silly install resolved        [Object],
65 silly install resolved        [Object],
65 silly install resolved        [Object],
65 silly install resolved        [Object],
65 silly install resolved        [Object],
65 silly install resolved        [Object],
65 silly install resolved        [Object],
65 silly install resolved        [Object],
65 silly install resolved        [Object],
65 silly install resolved        [Object],
65 silly install resolved        [Object],
65 silly install resolved        [Object] ],
65 silly install resolved     gypfile: true,
65 silly install resolved     gitHead: '10f0f99232cea96446e95bf128f718b87aec3237',
65 silly install resolved     homepage: 'https://github.com/ncb000gt/node.bcrypt.js#readme',
65 silly install resolved     _id: 'bcrypt@0.8.6',
65 silly install resolved     _shasum: '182164f7d5e1de94ddd797473efd48b57b1f04b4',
65 silly install resolved     _from: 'bcrypt@latest',
65 silly install resolved     _npmVersion: '3.8.3',
65 silly install resolved     _nodeVersion: '5.10.1',
65 silly install resolved     _npmUser: { name: 'defunctzombie', email: 'shtylman@gmail.com' },
65 silly install resolved     dist:
65 silly install resolved      { shasum: '182164f7d5e1de94ddd797473efd48b57b1f04b4',
65 silly install resolved        tarball: 'https://registry.npmjs.org/bcrypt/-/bcrypt-0.8.6.tgz' },
65 silly install resolved     maintainers: [ [Object], [Object], [Object], [Object] ],
65 silly install resolved     _npmOperationalInternal:
65 silly install resolved      { host: 'packages-12-west.internal.npmjs.com',
65 silly install resolved        tmp: 'tmp/bcrypt-0.8.6.tgz_1461200578042_0.6844706872943789' },
65 silly install resolved     directories: {},
65 silly install resolved     _resolved: 'https://registry.npmjs.org/bcrypt/-/bcrypt-0.8.6.tgz' } ]
66 info install bcrypt@0.8.6 into C:\Users\Giovanni\Documents\nodejs-projects\7-nodejs
67 info installOne bcrypt@0.8.6
68 verbose installOne of bcrypt to C:\Users\Giovanni\Documents\nodejs-projects\7-nodejs not in flight; installing
69 verbose correctMkdir C:\Users\Giovanni\AppData\Roaming\npm-cache\_locks correctMkdir not in flight; initializing
70 verbose lock using C:\Users\Giovanni\AppData\Roaming\npm-cache\_locks\bcrypt-acbe8a2249142543.lock for C:\Users\Giovanni\Documents\nodejs-projects\7-nodejs\node_modules\bcrypt
71 silly install write writing bcrypt 0.8.6 to C:\Users\Giovanni\Documents\nodejs-projects\7-nodejs\node_modules\bcrypt
72 verbose unbuild node_modules\bcrypt
73 silly gentlyRm C:\Users\Giovanni\Documents\nodejs-projects\7-nodejs\node_modules\bcrypt is being purged from base C:\Users\Giovanni\Documents\nodejs-projects\7-nodejs
74 verbose gentlyRm don't care about contents; nuking C:\Users\Giovanni\Documents\nodejs-projects\7-nodejs\node_modules\bcrypt
75 verbose tar unpack C:\Users\Giovanni\AppData\Roaming\npm-cache\bcrypt\0.8.6\package.tgz
76 verbose tar unpacking to C:\Users\Giovanni\Documents\nodejs-projects\7-nodejs\node_modules\bcrypt
77 silly gentlyRm C:\Users\Giovanni\Documents\nodejs-projects\7-nodejs\node_modules\bcrypt is being purged
78 verbose gentlyRm don't care about contents; nuking C:\Users\Giovanni\Documents\nodejs-projects\7-nodejs\node_modules\bcrypt
79 silly gunzTarPerm modes [ '777', '666' ]
80 silly gunzTarPerm extractEntry package.json
81 silly gunzTarPerm modified mode [ 'package.json', 420, 438 ]
82 silly gunzTarPerm extractEntry .npmignore
83 silly gunzTarPerm modified mode [ '.npmignore', 420, 438 ]
84 silly gunzTarPerm extractEntry README.md
85 silly gunzTarPerm modified mode [ 'README.md', 420, 438 ]
86 silly gunzTarPerm extractEntry LICENSE
87 silly gunzTarPerm modified mode [ 'LICENSE', 420, 438 ]
88 silly gunzTarPerm extractEntry bcrypt.js
89 silly gunzTarPerm modified mode [ 'bcrypt.js', 420, 438 ]
90 silly gunzTarPerm extractEntry Makefile
91 silly gunzTarPerm modified mode [ 'Makefile', 420, 438 ]
92 silly gunzTarPerm extractEntry .travis.yml
93 silly gunzTarPerm modified mode [ '.travis.yml', 420, 438 ]
94 silly gunzTarPerm extractEntry CHANGELOG.md
95 silly gunzTarPerm modified mode [ 'CHANGELOG.md', 420, 438 ]
96 silly gunzTarPerm extractEntry binding.gyp
97 silly gunzTarPerm modified mode [ 'binding.gyp', 420, 438 ]
98 silly gunzTarPerm extractEntry examples/async_compare.js
99 silly gunzTarPerm modified mode [ 'examples/async_compare.js', 420, 438 ]
100 silly gunzTarPerm extractEntry examples/forever_gen_salt.js
101 silly gunzTarPerm modified mode [ 'examples/forever_gen_salt.js', 420, 438 ]
102 silly gunzTarPerm extractEntry test/async.js
103 silly gunzTarPerm modified mode [ 'test/async.js', 420, 438 ]
104 silly gunzTarPerm extractEntry test/repetitions.js
105 silly gunzTarPerm modified mode [ 'test/repetitions.js', 420, 438 ]
106 silly gunzTarPerm extractEntry test/sync.js
107 silly gunzTarPerm modified mode [ 'test/sync.js', 420, 438 ]
108 silly gunzTarPerm extractEntry src/bcrypt.cc
109 silly gunzTarPerm modified mode [ 'src/bcrypt.cc', 420, 438 ]
110 silly gunzTarPerm extractEntry src/bcrypt_node.cc
111 silly gunzTarPerm modified mode [ 'src/bcrypt_node.cc', 420, 438 ]
112 silly gunzTarPerm extractEntry src/blowfish.cc
113 silly gunzTarPerm modified mode [ 'src/blowfish.cc', 420, 438 ]
114 silly gunzTarPerm extractEntry src/node_blf.h
115 silly gunzTarPerm modified mode [ 'src/node_blf.h', 420, 438 ]
116 silly gunzTarPerm extractEntry werker.yml
117 silly gunzTarPerm modified mode [ 'werker.yml', 420, 438 ]
118 verbose write writing to C:\Users\Giovanni\Documents\nodejs-projects\7-nodejs\node_modules\bcrypt\package.json
119 info preinstall bcrypt@0.8.6
120 verbose readDependencies loading dependencies from C:\Users\Giovanni\Documents\nodejs-projects\7-nodejs\node_modules\bcrypt\package.json
121 silly prepareForInstallMany adding bindings@1.2.1 from bcrypt dependencies
122 silly prepareForInstallMany adding nan@2.2.1 from bcrypt dependencies
123 verbose readDependencies loading dependencies from C:\Users\Giovanni\Documents\nodejs-projects\7-nodejs\node_modules\bcrypt\package.json
124 silly cache add args [ 'bindings@1.2.1', null ]
125 verbose cache add spec bindings@1.2.1
126 silly cache add args [ 'nan@2.2.1', null ]
127 verbose cache add spec nan@2.2.1
128 silly cache add parsed spec Result {
128 silly cache add   raw: 'bindings@1.2.1',
128 silly cache add   scope: null,
128 silly cache add   name: 'bindings',
128 silly cache add   rawSpec: '1.2.1',
128 silly cache add   spec: '1.2.1',
128 silly cache add   type: 'version' }
129 silly addNamed bindings@1.2.1
130 verbose addNamed "1.2.1" is a plain semver version for bindings
131 silly mapToRegistry name bindings
132 silly mapToRegistry using default registry
133 silly mapToRegistry registry https://registry.npmjs.org/
134 silly mapToRegistry data Result {
134 silly mapToRegistry   raw: 'bindings',
134 silly mapToRegistry   scope: null,
134 silly mapToRegistry   name: 'bindings',
134 silly mapToRegistry   rawSpec: '',
134 silly mapToRegistry   spec: 'latest',
134 silly mapToRegistry   type: 'tag' }
135 silly mapToRegistry uri https://registry.npmjs.org/bindings
136 verbose addNameVersion registry:https://registry.npmjs.org/bindings not in flight; fetching
137 silly cache add parsed spec Result {
137 silly cache add   raw: 'nan@2.2.1',
137 silly cache add   scope: null,
137 silly cache add   name: 'nan',
137 silly cache add   rawSpec: '2.2.1',
137 silly cache add   spec: '2.2.1',
137 silly cache add   type: 'version' }
138 silly addNamed nan@2.2.1
139 verbose addNamed "2.2.1" is a plain semver version for nan
140 silly mapToRegistry name nan
141 silly mapToRegistry using default registry
142 silly mapToRegistry registry https://registry.npmjs.org/
143 silly mapToRegistry data Result {
143 silly mapToRegistry   raw: 'nan',
143 silly mapToRegistry   scope: null,
143 silly mapToRegistry   name: 'nan',
143 silly mapToRegistry   rawSpec: '',
143 silly mapToRegistry   spec: 'latest',
143 silly mapToRegistry   type: 'tag' }
144 silly mapToRegistry uri https://registry.npmjs.org/nan
145 verbose addNameVersion registry:https://registry.npmjs.org/nan not in flight; fetching
146 verbose request uri https://registry.npmjs.org/bindings
147 verbose request no auth needed
148 info attempt registry request try #1 at 7:57:06 PM
149 http request GET https://registry.npmjs.org/bindings
150 verbose request uri https://registry.npmjs.org/nan
151 verbose request no auth needed
152 info attempt registry request try #1 at 7:57:06 PM
153 http request GET https://registry.npmjs.org/nan
154 http 200 https://registry.npmjs.org/bindings
155 verbose headers { server: 'CouchDB/1.5.0 (Erlang OTP/R16B03)',
155 verbose headers   etag: '"1LLBF9OH58DLBEL4629U6032D"',
155 verbose headers   'content-type': 'application/json',
155 verbose headers   'cache-control': 'max-age=300',
155 verbose headers   'content-length': '18081',
155 verbose headers   'accept-ranges': 'bytes',
155 verbose headers   date: 'Thu, 21 Apr 2016 02:54:08 GMT',
155 verbose headers   via: '1.1 varnish',
155 verbose headers   age: '0',
155 verbose headers   connection: 'keep-alive',
155 verbose headers   'x-served-by': 'cache-ord1746-ORD',
155 verbose headers   'x-cache': 'HIT',
155 verbose headers   'x-cache-hits': '1',
155 verbose headers   'x-timer': 'S1461207248.478863,VS0,VE33',
155 verbose headers   vary: 'Accept-Encoding' }
156 silly get cb [ 200,
156 silly get   { server: 'CouchDB/1.5.0 (Erlang OTP/R16B03)',
156 silly get     etag: '"1LLBF9OH58DLBEL4629U6032D"',
156 silly get     'content-type': 'application/json',
156 silly get     'cache-control': 'max-age=300',
156 silly get     'content-length': '18081',
156 silly get     'accept-ranges': 'bytes',
156 silly get     date: 'Thu, 21 Apr 2016 02:54:08 GMT',
156 silly get     via: '1.1 varnish',
156 silly get     age: '0',
156 silly get     connection: 'keep-alive',
156 silly get     'x-served-by': 'cache-ord1746-ORD',
156 silly get     'x-cache': 'HIT',
156 silly get     'x-cache-hits': '1',
156 silly get     'x-timer': 'S1461207248.478863,VS0,VE33',
156 silly get     vary: 'Accept-Encoding' } ]
157 verbose get saving bindings to C:\Users\Giovanni\AppData\Roaming\npm-cache\registry.npmjs.org\bindings\.cache.json
158 verbose correctMkdir C:\Users\Giovanni\AppData\Roaming\npm-cache correctMkdir not in flight; initializing
159 silly mapToRegistry name bindings
160 silly mapToRegistry using default registry
161 silly mapToRegistry registry https://registry.npmjs.org/
162 silly mapToRegistry data Result {
162 silly mapToRegistry   raw: 'bindings',
162 silly mapToRegistry   scope: null,
162 silly mapToRegistry   name: 'bindings',
162 silly mapToRegistry   rawSpec: '',
162 silly mapToRegistry   spec: 'latest',
162 silly mapToRegistry   type: 'tag' }
163 silly mapToRegistry uri https://registry.npmjs.org/bindings
164 verbose addRemoteTarball https://registry.npmjs.org/bindings/-/bindings-1.2.1.tgz not in flight; adding
165 verbose addRemoteTarball [ 'https://registry.npmjs.org/bindings/-/bindings-1.2.1.tgz',
165 verbose addRemoteTarball   '14ad6113812d2d37d72e67b4cacb4bb726505f11' ]
166 info retry fetch attempt 1 at 7:57:07 PM
167 info attempt registry request try #1 at 7:57:07 PM
168 http fetch GET https://registry.npmjs.org/bindings/-/bindings-1.2.1.tgz
169 http 200 https://registry.npmjs.org/nan
170 verbose headers { server: 'CouchDB/1.5.0 (Erlang OTP/R16B03)',
170 verbose headers   etag: '"BAF0CH6FX7ZGID84VMUQ15OTR"',
170 verbose headers   'content-type': 'application/json',
170 verbose headers   'content-encoding': 'gzip',
170 verbose headers   'cache-control': 'max-age=300',
170 verbose headers   'content-length': '7941',
170 verbose headers   'accept-ranges': 'bytes',
170 verbose headers   date: 'Thu, 21 Apr 2016 02:54:08 GMT',
170 verbose headers   via: '1.1 varnish',
170 verbose headers   age: '186',
170 verbose headers   connection: 'keep-alive',
170 verbose headers   'x-served-by': 'cache-ord1734-ORD',
170 verbose headers   'x-cache': 'HIT',
170 verbose headers   'x-cache-hits': '2',
170 verbose headers   'x-timer': 'S1461207248.648011,VS0,VE0',
170 verbose headers   vary: 'Accept-Encoding' }
171 silly get cb [ 200,
171 silly get   { server: 'CouchDB/1.5.0 (Erlang OTP/R16B03)',
171 silly get     etag: '"BAF0CH6FX7ZGID84VMUQ15OTR"',
171 silly get     'content-type': 'application/json',
171 silly get     'content-encoding': 'gzip',
171 silly get     'cache-control': 'max-age=300',
171 silly get     'content-length': '7941',
171 silly get     'accept-ranges': 'bytes',
171 silly get     date: 'Thu, 21 Apr 2016 02:54:08 GMT',
171 silly get     via: '1.1 varnish',
171 silly get     age: '186',
171 silly get     connection: 'keep-alive',
171 silly get     'x-served-by': 'cache-ord1734-ORD',
171 silly get     'x-cache': 'HIT',
171 silly get     'x-cache-hits': '2',
171 silly get     'x-timer': 'S1461207248.648011,VS0,VE0',
171 silly get     vary: 'Accept-Encoding' } ]
172 verbose get saving nan to C:\Users\Giovanni\AppData\Roaming\npm-cache\registry.npmjs.org\nan\.cache.json
173 verbose correctMkdir C:\Users\Giovanni\AppData\Roaming\npm-cache correctMkdir not in flight; initializing
174 silly mapToRegistry name nan
175 silly mapToRegistry using default registry
176 silly mapToRegistry registry https://registry.npmjs.org/
177 silly mapToRegistry data Result {
177 silly mapToRegistry   raw: 'nan',
177 silly mapToRegistry   scope: null,
177 silly mapToRegistry   name: 'nan',
177 silly mapToRegistry   rawSpec: '',
177 silly mapToRegistry   spec: 'latest',
177 silly mapToRegistry   type: 'tag' }
178 silly mapToRegistry uri https://registry.npmjs.org/nan
179 verbose addRemoteTarball https://registry.npmjs.org/nan/-/nan-2.2.1.tgz not in flight; adding
180 verbose addRemoteTarball [ 'https://registry.npmjs.org/nan/-/nan-2.2.1.tgz',
180 verbose addRemoteTarball   'd68693f6b34bb41d66bc68b3a4f9defc79d7149b' ]
181 info retry fetch attempt 1 at 7:57:07 PM
182 info attempt registry request try #1 at 7:57:07 PM
183 http fetch GET https://registry.npmjs.org/nan/-/nan-2.2.1.tgz
184 http fetch 200 https://registry.npmjs.org/bindings/-/bindings-1.2.1.tgz
185 silly fetchAndShaCheck shasum 14ad6113812d2d37d72e67b4cacb4bb726505f11
186 verbose addTmpTarball C:\Users\Giovanni\AppData\Local\Temp\npm-5436-cd79636a\registry.npmjs.org\bindings\-\bindings-1.2.1.tgz not in flight; adding
187 verbose addTmpTarball already have metadata; skipping unpack for bindings@1.2.1
188 verbose correctMkdir C:\Users\Giovanni\AppData\Roaming\npm-cache correctMkdir not in flight; initializing
189 silly cache afterAdd bindings@1.2.1
190 verbose afterAdd C:\Users\Giovanni\AppData\Roaming\npm-cache\bindings\1.2.1\package\package.json not in flight; writing
191 verbose correctMkdir C:\Users\Giovanni\AppData\Roaming\npm-cache correctMkdir not in flight; initializing
192 verbose afterAdd C:\Users\Giovanni\AppData\Roaming\npm-cache\bindings\1.2.1\package\package.json written
193 http fetch 200 https://registry.npmjs.org/nan/-/nan-2.2.1.tgz
194 silly fetchAndShaCheck shasum d68693f6b34bb41d66bc68b3a4f9defc79d7149b
195 verbose addTmpTarball C:\Users\Giovanni\AppData\Local\Temp\npm-5436-cd79636a\registry.npmjs.org\nan\-\nan-2.2.1.tgz not in flight; adding
196 verbose addTmpTarball already have metadata; skipping unpack for nan@2.2.1
197 verbose correctMkdir C:\Users\Giovanni\AppData\Roaming\npm-cache correctMkdir not in flight; initializing
198 silly cache afterAdd nan@2.2.1
199 verbose afterAdd C:\Users\Giovanni\AppData\Roaming\npm-cache\nan\2.2.1\package\package.json not in flight; writing
200 verbose correctMkdir C:\Users\Giovanni\AppData\Roaming\npm-cache correctMkdir not in flight; initializing
201 verbose afterAdd C:\Users\Giovanni\AppData\Roaming\npm-cache\nan\2.2.1\package\package.json written
202 silly install resolved [ { name: 'bindings',
202 silly install resolved     description: 'Helper module for loading your native module\'s .node file',
202 silly install resolved     keywords: [ 'native', 'addon', 'bindings', 'gyp', 'waf', 'c', 'c++' ],
202 silly install resolved     version: '1.2.1',
202 silly install resolved     author:
202 silly install resolved      { name: 'Nathan Rajlich',
202 silly install resolved        email: 'nathan@tootallnate.net',
202 silly install resolved        url: 'http://tootallnate.net' },
202 silly install resolved     repository:
202 silly install resolved      { type: 'git',
202 silly install resolved        url: 'git://github.com/TooTallNate/node-bindings.git' },
202 silly install resolved     main: './bindings.js',
202 silly install resolved     bugs: { url: 'https://github.com/TooTallNate/node-bindings/issues' },
202 silly install resolved     homepage: 'https://github.com/TooTallNate/node-bindings',
202 silly install resolved     license: 'MIT',
202 silly install resolved     gitHead: 'e404152ee27f8478ccbc7122ee051246e8e5ec02',
202 silly install resolved     _id: 'bindings@1.2.1',
202 silly install resolved     scripts: {},
202 silly install resolved     _shasum: '14ad6113812d2d37d72e67b4cacb4bb726505f11',
202 silly install resolved     _from: 'bindings@1.2.1',
202 silly install resolved     _npmVersion: '1.4.14',
202 silly install resolved     _npmUser: { name: 'tootallnate', email: 'nathan@tootallnate.net' },
202 silly install resolved     maintainers: [ [Object], [Object] ],
202 silly install resolved     dist:
202 silly install resolved      { shasum: '14ad6113812d2d37d72e67b4cacb4bb726505f11',
202 silly install resolved        tarball: 'https://registry.npmjs.org/bindings/-/bindings-1.2.1.tgz' },
202 silly install resolved     directories: {},
202 silly install resolved     _resolved: 'https://registry.npmjs.org/bindings/-/bindings-1.2.1.tgz' },
202 silly install resolved   { name: 'nan',
202 silly install resolved     version: '2.2.1',
202 silly install resolved     description: 'Native Abstractions for Node.js: C++ header for Node 0.8 -> 4 compatibility',
202 silly install resolved     main: 'include_dirs.js',
202 silly install resolved     repository: { type: 'git', url: 'git://github.com/nodejs/nan.git' },
202 silly install resolved     scripts:
202 silly install resolved      { test: 'tap --gc test/js/*-test.js',
202 silly install resolved        'rebuild-tests': 'node-gyp rebuild --msvs_version=2013 --directory test',
202 silly install resolved        docs: 'doc/.build.sh' },
202 silly install resolved     contributors:
202 silly install resolved      [ [Object],
202 silly install resolved        [Object],
202 silly install resolved        [Object],
202 silly install resolved        [Object],
202 silly install resolved        [Object],
202 silly install resolved        [Object],
202 silly install resolved        [Object] ],
202 silly install resolved     devDependencies:
202 silly install resolved      { bindings: '~1.2.1',
202 silly install resolved        commander: '^2.8.1',
202 silly install resolved        glob: '^5.0.14',
202 silly install resolved        'node-gyp': '~3.0.1',
202 silly install resolved        tap: '~0.7.1',
202 silly install resolved        xtend: '~4.0.0' },
202 silly install resolved     license: 'MIT',
202 silly install resolved     bugs: { url: 'https://github.com/nodejs/nan/issues' },
202 silly install resolved     homepage: 'https://github.com/nodejs/nan#readme',
202 silly install resolved     _id: 'nan@2.2.1',
202 silly install resolved     _shasum: 'd68693f6b34bb41d66bc68b3a4f9defc79d7149b',
202 silly install resolved     _resolved: 'https://registry.npmjs.org/nan/-/nan-2.2.1.tgz',
202 silly install resolved     _from: 'nan@2.2.1',
202 silly install resolved     _npmVersion: '3.3.6',
202 silly install resolved     _nodeVersion: '5.0.0',
202 silly install resolved     _npmUser: { name: 'kkoopa', email: 'bbyholm@abo.fi' },
202 silly install resolved     dist:
202 silly install resolved      { shasum: 'd68693f6b34bb41d66bc68b3a4f9defc79d7149b',
202 silly install resolved        tarball: 'https://registry.npmjs.org/nan/-/nan-2.2.1.tgz' },
202 silly install resolved     maintainers: [ [Object], [Object] ],
202 silly install resolved     _npmOperationalInternal:
202 silly install resolved      { host: 'packages-12-west.internal.npmjs.com',
202 silly install resolved        tmp: 'tmp/nan-2.2.1.tgz_1459265439909_0.12396649201400578' },
202 silly install resolved     directories: {} } ]
203 info install bindings@1.2.1 into C:\Users\Giovanni\Documents\nodejs-projects\7-nodejs\node_modules\bcrypt
204 info install nan@2.2.1 into C:\Users\Giovanni\Documents\nodejs-projects\7-nodejs\node_modules\bcrypt
205 info installOne bindings@1.2.1
206 verbose installOne of bindings to C:\Users\Giovanni\Documents\nodejs-projects\7-nodejs\node_modules\bcrypt not in flight; installing
207 verbose correctMkdir C:\Users\Giovanni\AppData\Roaming\npm-cache\_locks correctMkdir not in flight; initializing
208 info installOne nan@2.2.1
209 verbose installOne of nan to C:\Users\Giovanni\Documents\nodejs-projects\7-nodejs\node_modules\bcrypt not in flight; installing
210 verbose correctMkdir C:\Users\Giovanni\AppData\Roaming\npm-cache\_locks correctMkdir not in flight; initializing
211 verbose lock using C:\Users\Giovanni\AppData\Roaming\npm-cache\_locks\bindings-2e7ac84c9edf4798.lock for C:\Users\Giovanni\Documents\nodejs-projects\7-nodejs\node_modules\bcrypt\node_modules\bindings
212 silly install write writing bindings 1.2.1 to C:\Users\Giovanni\Documents\nodejs-projects\7-nodejs\node_modules\bcrypt\node_modules\bindings
213 verbose lock using C:\Users\Giovanni\AppData\Roaming\npm-cache\_locks\nan-345dd4489baabe7c.lock for C:\Users\Giovanni\Documents\nodejs-projects\7-nodejs\node_modules\bcrypt\node_modules\nan
214 silly install write writing nan 2.2.1 to C:\Users\Giovanni\Documents\nodejs-projects\7-nodejs\node_modules\bcrypt\node_modules\nan
215 verbose unbuild node_modules\bcrypt\node_modules\bindings
216 silly gentlyRm C:\Users\Giovanni\Documents\nodejs-projects\7-nodejs\node_modules\bcrypt\node_modules\bindings is being purged from base C:\Users\Giovanni\Documents\nodejs-projects\7-nodejs
217 verbose gentlyRm don't care about contents; nuking C:\Users\Giovanni\Documents\nodejs-projects\7-nodejs\node_modules\bcrypt\node_modules\bindings
218 verbose unbuild node_modules\bcrypt\node_modules\nan
219 verbose tar unpack C:\Users\Giovanni\AppData\Roaming\npm-cache\bindings\1.2.1\package.tgz
220 verbose tar unpacking to C:\Users\Giovanni\Documents\nodejs-projects\7-nodejs\node_modules\bcrypt\node_modules\bindings
221 silly gentlyRm C:\Users\Giovanni\Documents\nodejs-projects\7-nodejs\node_modules\bcrypt\node_modules\bindings is being purged
222 verbose gentlyRm don't care about contents; nuking C:\Users\Giovanni\Documents\nodejs-projects\7-nodejs\node_modules\bcrypt\node_modules\bindings
223 silly gunzTarPerm modes [ '777', '666' ]
224 silly gentlyRm C:\Users\Giovanni\Documents\nodejs-projects\7-nodejs\node_modules\bcrypt\node_modules\nan is being purged from base C:\Users\Giovanni\Documents\nodejs-projects\7-nodejs
225 verbose gentlyRm don't care about contents; nuking C:\Users\Giovanni\Documents\nodejs-projects\7-nodejs\node_modules\bcrypt\node_modules\nan
226 verbose tar unpack C:\Users\Giovanni\AppData\Roaming\npm-cache\nan\2.2.1\package.tgz
227 verbose tar unpacking to C:\Users\Giovanni\Documents\nodejs-projects\7-nodejs\node_modules\bcrypt\node_modules\nan
228 silly gentlyRm C:\Users\Giovanni\Documents\nodejs-projects\7-nodejs\node_modules\bcrypt\node_modules\nan is being purged
229 verbose gentlyRm don't care about contents; nuking C:\Users\Giovanni\Documents\nodejs-projects\7-nodejs\node_modules\bcrypt\node_modules\nan
230 silly gunzTarPerm modes [ '777', '666' ]
231 silly gunzTarPerm extractEntry package.json
232 silly gunzTarPerm modified mode [ 'package.json', 420, 438 ]
233 silly gunzTarPerm extractEntry package.json
234 silly gunzTarPerm modified mode [ 'package.json', 436, 438 ]
235 silly gunzTarPerm extractEntry README.md
236 silly gunzTarPerm modified mode [ 'README.md', 420, 438 ]
237 silly gunzTarPerm extractEntry bindings.js
238 silly gunzTarPerm modified mode [ 'bindings.js', 420, 438 ]
239 silly gunzTarPerm extractEntry include_dirs.js
240 silly gunzTarPerm modified mode [ 'include_dirs.js', 436, 438 ]
241 silly gunzTarPerm extractEntry nan_converters.h
242 silly gunzTarPerm modified mode [ 'nan_converters.h', 436, 438 ]
243 silly gunzTarPerm extractEntry LICENSE.md
244 silly gunzTarPerm modified mode [ 'LICENSE.md', 436, 438 ]
245 silly gunzTarPerm extractEntry .dntrc
246 silly gunzTarPerm modified mode [ '.dntrc', 436, 438 ]
247 silly gunzTarPerm extractEntry appveyor.yml
248 silly gunzTarPerm modified mode [ 'appveyor.yml', 436, 438 ]
249 silly gunzTarPerm extractEntry doc/new.md
250 silly gunzTarPerm modified mode [ 'doc/new.md', 436, 438 ]
251 silly gunzTarPerm extractEntry doc/.build.sh
252 silly gunzTarPerm modified mode [ 'doc/.build.sh', 509, 511 ]
253 silly gunzTarPerm extractEntry doc/buffers.md
254 silly gunzTarPerm modified mode [ 'doc/buffers.md', 436, 438 ]
255 silly gunzTarPerm extractEntry doc/callback.md
256 silly gunzTarPerm modified mode [ 'doc/callback.md', 436, 438 ]
257 verbose write writing to C:\Users\Giovanni\Documents\nodejs-projects\7-nodejs\node_modules\bcrypt\node_modules\bindings\package.json
258 silly gunzTarPerm extractEntry doc/converters.md
259 silly gunzTarPerm modified mode [ 'doc/converters.md', 436, 438 ]
260 silly gunzTarPerm extractEntry doc/errors.md
261 silly gunzTarPerm modified mode [ 'doc/errors.md', 436, 438 ]
262 info preinstall bindings@1.2.1
263 verbose readDependencies loading dependencies from C:\Users\Giovanni\Documents\nodejs-projects\7-nodejs\node_modules\bcrypt\node_modules\bindings\package.json
264 silly gunzTarPerm extractEntry doc/maybe_types.md
265 silly gunzTarPerm modified mode [ 'doc/maybe_types.md', 436, 438 ]
266 silly gunzTarPerm extractEntry doc/methods.md
267 silly gunzTarPerm modified mode [ 'doc/methods.md', 436, 438 ]
268 verbose readDependencies loading dependencies from C:\Users\Giovanni\Documents\nodejs-projects\7-nodejs\node_modules\bcrypt\node_modules\bindings\package.json
269 silly install resolved []
270 verbose about to build C:\Users\Giovanni\Documents\nodejs-projects\7-nodejs\node_modules\bcrypt\node_modules\bindings
271 info build C:\Users\Giovanni\Documents\nodejs-projects\7-nodejs\node_modules\bcrypt\node_modules\bindings
272 info linkStuff bindings@1.2.1
273 silly linkStuff bindings@1.2.1 has C:\Users\Giovanni\Documents\nodejs-projects\7-nodejs\node_modules\bcrypt\node_modules as its parent node_modules
274 silly gunzTarPerm extractEntry doc/asyncworker.md
275 silly gunzTarPerm modified mode [ 'doc/asyncworker.md', 436, 438 ]
276 silly gunzTarPerm extractEntry doc/node_misc.md
277 silly gunzTarPerm modified mode [ 'doc/node_misc.md', 436, 438 ]
278 verbose linkBins bindings@1.2.1
279 verbose linkMans bindings@1.2.1
280 verbose rebuildBundles bindings@1.2.1
281 info install bindings@1.2.1
282 info postinstall bindings@1.2.1
283 verbose unlock done using C:\Users\Giovanni\AppData\Roaming\npm-cache\_locks\bindings-2e7ac84c9edf4798.lock for C:\Users\Giovanni\Documents\nodejs-projects\7-nodejs\node_modules\bcrypt\node_modules\bindings
284 silly gunzTarPerm extractEntry doc/object_wrappers.md
285 silly gunzTarPerm modified mode [ 'doc/object_wrappers.md', 436, 438 ]
286 silly gunzTarPerm extractEntry doc/persistent.md
287 silly gunzTarPerm modified mode [ 'doc/persistent.md', 436, 438 ]
288 silly gunzTarPerm extractEntry doc/scopes.md
289 silly gunzTarPerm modified mode [ 'doc/scopes.md', 436, 438 ]
290 silly gunzTarPerm extractEntry doc/script.md
291 silly gunzTarPerm modified mode [ 'doc/script.md', 436, 438 ]
292 silly gunzTarPerm extractEntry doc/string_bytes.md
293 silly gunzTarPerm modified mode [ 'doc/string_bytes.md', 436, 438 ]
294 silly gunzTarPerm extractEntry doc/v8_internals.md
295 silly gunzTarPerm modified mode [ 'doc/v8_internals.md', 436, 438 ]
296 silly gunzTarPerm extractEntry doc/v8_misc.md
297 silly gunzTarPerm modified mode [ 'doc/v8_misc.md', 436, 438 ]
298 silly gunzTarPerm extractEntry nan.h
299 silly gunzTarPerm modified mode [ 'nan.h', 436, 438 ]
300 silly gunzTarPerm extractEntry nan_callbacks.h
301 silly gunzTarPerm modified mode [ 'nan_callbacks.h', 436, 438 ]
302 silly gunzTarPerm extractEntry nan_callbacks_12_inl.h
303 silly gunzTarPerm modified mode [ 'nan_callbacks_12_inl.h', 436, 438 ]
304 silly gunzTarPerm extractEntry nan_callbacks_pre_12_inl.h
305 silly gunzTarPerm modified mode [ 'nan_callbacks_pre_12_inl.h', 436, 438 ]
306 silly gunzTarPerm extractEntry nan_converters_43_inl.h
307 silly gunzTarPerm modified mode [ 'nan_converters_43_inl.h', 436, 438 ]
308 silly gunzTarPerm extractEntry nan_converters_pre_43_inl.h
309 silly gunzTarPerm modified mode [ 'nan_converters_pre_43_inl.h', 436, 438 ]
310 silly gunzTarPerm extractEntry nan_implementation_12_inl.h
311 silly gunzTarPerm modified mode [ 'nan_implementation_12_inl.h', 436, 438 ]
312 silly gunzTarPerm extractEntry nan_implementation_pre_12_inl.h
313 silly gunzTarPerm modified mode [ 'nan_implementation_pre_12_inl.h', 436, 438 ]
314 silly gunzTarPerm extractEntry nan_maybe_43_inl.h
315 silly gunzTarPerm modified mode [ 'nan_maybe_43_inl.h', 436, 438 ]
316 silly gunzTarPerm extractEntry nan_maybe_pre_43_inl.h
317 silly gunzTarPerm modified mode [ 'nan_maybe_pre_43_inl.h', 436, 438 ]
318 silly gunzTarPerm extractEntry nan_new.h
319 silly gunzTarPerm modified mode [ 'nan_new.h', 436, 438 ]
320 silly gunzTarPerm extractEntry nan_object_wrap.h
321 silly gunzTarPerm modified mode [ 'nan_object_wrap.h', 436, 438 ]
322 silly gunzTarPerm extractEntry nan_persistent_12_inl.h
323 silly gunzTarPerm modified mode [ 'nan_persistent_12_inl.h', 436, 438 ]
324 silly gunzTarPerm extractEntry nan_persistent_pre_12_inl.h
325 silly gunzTarPerm modified mode [ 'nan_persistent_pre_12_inl.h', 436, 438 ]
326 silly gunzTarPerm extractEntry nan_string_bytes.h
327 silly gunzTarPerm modified mode [ 'nan_string_bytes.h', 436, 438 ]
328 silly gunzTarPerm extractEntry nan_typedarray_contents.h
329 silly gunzTarPerm modified mode [ 'nan_typedarray_contents.h', 436, 438 ]
330 silly gunzTarPerm extractEntry nan_weak.h
331 silly gunzTarPerm modified mode [ 'nan_weak.h', 436, 438 ]
332 silly gunzTarPerm extractEntry CHANGELOG.md
333 silly gunzTarPerm modified mode [ 'CHANGELOG.md', 436, 438 ]
334 silly gunzTarPerm extractEntry tools/package.json
335 silly gunzTarPerm modified mode [ 'tools/package.json', 436, 438 ]
336 silly gunzTarPerm extractEntry tools/README.md
337 silly gunzTarPerm modified mode [ 'tools/README.md', 436, 438 ]
338 silly gunzTarPerm extractEntry tools/1to2.js
339 silly gunzTarPerm modified mode [ 'tools/1to2.js', 509, 511 ]
340 verbose write writing to C:\Users\Giovanni\Documents\nodejs-projects\7-nodejs\node_modules\bcrypt\node_modules\nan\package.json
341 info preinstall nan@2.2.1
342 verbose readDependencies loading dependencies from C:\Users\Giovanni\Documents\nodejs-projects\7-nodejs\node_modules\bcrypt\node_modules\nan\package.json
343 verbose readDependencies loading dependencies from C:\Users\Giovanni\Documents\nodejs-projects\7-nodejs\node_modules\bcrypt\node_modules\nan\package.json
344 silly install resolved []
345 verbose about to build C:\Users\Giovanni\Documents\nodejs-projects\7-nodejs\node_modules\bcrypt\node_modules\nan
346 info build C:\Users\Giovanni\Documents\nodejs-projects\7-nodejs\node_modules\bcrypt\node_modules\nan
347 info linkStuff nan@2.2.1
348 silly linkStuff nan@2.2.1 has C:\Users\Giovanni\Documents\nodejs-projects\7-nodejs\node_modules\bcrypt\node_modules as its parent node_modules
349 verbose linkBins nan@2.2.1
350 verbose linkMans nan@2.2.1
351 verbose rebuildBundles nan@2.2.1
352 info install nan@2.2.1
353 info postinstall nan@2.2.1
354 verbose unlock done using C:\Users\Giovanni\AppData\Roaming\npm-cache\_locks\nan-345dd4489baabe7c.lock for C:\Users\Giovanni\Documents\nodejs-projects\7-nodejs\node_modules\bcrypt\node_modules\nan
355 verbose about to build C:\Users\Giovanni\Documents\nodejs-projects\7-nodejs\node_modules\bcrypt
356 info build C:\Users\Giovanni\Documents\nodejs-projects\7-nodejs\node_modules\bcrypt
357 info linkStuff bcrypt@0.8.6
358 silly linkStuff bcrypt@0.8.6 has C:\Users\Giovanni\Documents\nodejs-projects\7-nodejs\node_modules as its parent node_modules
359 verbose linkBins bcrypt@0.8.6
360 verbose linkMans bcrypt@0.8.6
361 verbose rebuildBundles bcrypt@0.8.6
362 verbose rebuildBundles [ 'bindings', 'nan' ]
363 info install bcrypt@0.8.6
364 verbose unsafe-perm in lifecycle true
365 info bcrypt@0.8.6 Failed to exec install script
366 verbose unlock done using C:\Users\Giovanni\AppData\Roaming\npm-cache\_locks\bcrypt-acbe8a2249142543.lock for C:\Users\Giovanni\Documents\nodejs-projects\7-nodejs\node_modules\bcrypt
367 verbose stack Error: bcrypt@0.8.6 install: `node-gyp rebuild`
367 verbose stack Exit status 1
367 verbose stack     at EventEmitter.<anonymous> (C:\Program Files\nodejs\node_modules\npm\lib\utils\lifecycle.js:217:16)
367 verbose stack     at emitTwo (events.js:87:13)
367 verbose stack     at EventEmitter.emit (events.js:172:7)
367 verbose stack     at ChildProcess.<anonymous> (C:\Program Files\nodejs\node_modules\npm\lib\utils\spawn.js:24:14)
367 verbose stack     at emitTwo (events.js:87:13)
367 verbose stack     at ChildProcess.emit (events.js:172:7)
367 verbose stack     at maybeClose (internal/child_process.js:827:16)
367 verbose stack     at Process.ChildProcess._handle.onexit (internal/child_process.js:211:5)
368 verbose pkgid bcrypt@0.8.6
369 verbose cwd C:\Users\Giovanni\Documents\nodejs-projects\7-nodejs
370 error Windows_NT 10.0.10586
371 error argv "C:\\Program Files\\nodejs\\node.exe" "C:\\Program Files\\nodejs\\node_modules\\npm\\bin\\npm-cli.js" "install" "bcrypt" "--save"
372 error node v4.4.3
373 error npm  v2.15.1
374 error code ELIFECYCLE
375 error bcrypt@0.8.6 install: `node-gyp rebuild`
375 error Exit status 1
376 error Failed at the bcrypt@0.8.6 install script 'node-gyp rebuild'.
376 error This is most likely a problem with the bcrypt package,
376 error not with npm itself.
376 error Tell the author that this fails on your system:
376 error     node-gyp rebuild
376 error You can get information on how to open an issue for this project with:
376 error     npm bugs bcrypt
376 error Or if that isn't available, you can get their info via:
376 error
376 error     npm owner ls bcrypt
376 error There is likely additional logging output above.
377 verbose exit [ 1, true ]
378 verbose unbuild node_modules\bcrypt
379 info preuninstall bcrypt@0.8.6
380 info uninstall bcrypt@0.8.6
381 verbose unbuild rmStuff bcrypt@0.8.6 from C:\Users\Giovanni\Documents\nodejs-projects\7-nodejs\node_modules
382 info postuninstall bcrypt@0.8.6
383 silly gentlyRm C:\Users\Giovanni\Documents\nodejs-projects\7-nodejs\node_modules\bcrypt is being purged from base C:\Users\Giovanni\Documents\nodejs-projects\7-nodejs
384 verbose gentlyRm don't care about contents; nuking C:\Users\Giovanni\Documents\nodejs-projects\7-nodejs\node_modules\bcrypt
385 silly vacuum-fs purging C:\Users\Giovanni\Documents\nodejs-projects\7-nodejs\node_modules\bcrypt
386 silly vacuum-fs quitting because other entries in C:\Users\Giovanni\Documents\nodejs-projects\7-nodejs\node_modules
